<?xml version="1.0" encoding="UTF-8"?>
<!-- Generated by org.testng.reporters.JUnitReportReporter -->
<testsuite hostname="DESKTOP-FEU8505" failures="0" tests="1" name="review.practice" time="6.015" errors="0" timestamp="2023-03-13T23:36:11 TRT" skipped="0">
  <testcase classname="review.practice" name="open" time="6.015"/>
  <system-out/>
</testsuite> <!-- review.practice -->
